<?xml version="1.0" encoding="utf-8"?><testsuites name="pytest tests"><testsuite name="pytest" errors="0" failures="0" skipped="0" tests="33" time="11.951" timestamp="2026-03-10T18:30:38.201312+00:00" hostname="agent-env-08a631d2-6df6-427d-b198-6875c3b54eba"><testcase classname="tests.test_csv_import.TestCSVImport" name="test_csv_import_with_standard_columns" time="0.612" /><testcase classname="tests.test_csv_import.TestCSVImport" name="test_csv_import_with_alternative_columns" time="0.439" /><testcase classname="tests.test_csv_import.TestCSVImport" name="test_csv_import_with_whitespace_and_commas" time="0.519" /><testcase classname="tests.test_csv_import.TestCSVImport" name="test_csv_import_invalid_portfolio" time="0.129" /><testcase classname="tests.test_csv_import.TestCSVImport" name="test_csv_import_skips_invalid_rows" time="0.535" /><testcase classname="tests.test_health.TestHealth" name="test_root_endpoint" time="0.131" /><testcase classname="tests.test_holdings_crud.TestHoldingsCRUD" name="test_get_all_holdings" time="0.121" /><testcase classname="tests.test_holdings_crud.TestHoldingsCRUD" name="test_create_holding_and_verify" time="0.297" /><testcase classname="tests.test_holdings_crud.TestHoldingsCRUD" name="test_create_holding_lowercase_symbol" time="0.250" /><testcase classname="tests.test_holdings_crud.TestHoldingsCRUD" name="test_update_holding_and_verify" time="0.392" /><testcase classname="tests.test_holdings_crud.TestHoldingsCRUD" name="test_update_nonexistent_holding" time="0.104" /><testcase classname="tests.test_holdings_crud.TestHoldingsCRUD" name="test_delete_holding_and_verify" time="0.310" /><testcase classname="tests.test_holdings_crud.TestHoldingsCRUD" name="test_delete_nonexistent_holding" time="0.126" /><testcase classname="tests.test_portfolios_crud.TestPortfoliosCRUD" name="test_get_portfolios_returns_default" time="0.124" /><testcase classname="tests.test_portfolios_crud.TestPortfoliosCRUD" name="test_create_portfolio_and_verify" time="0.348" /><testcase classname="tests.test_portfolios_crud.TestPortfoliosCRUD" name="test_create_portfolio_whitespace_trimmed" time="0.194" /><testcase classname="tests.test_portfolios_crud.TestPortfoliosCRUD" name="test_rename_portfolio_and_verify" time="0.358" /><testcase classname="tests.test_portfolios_crud.TestPortfoliosCRUD" name="test_rename_nonexistent_portfolio" time="0.172" /><testcase classname="tests.test_portfolios_crud.TestPortfoliosCRUD" name="test_delete_portfolio_and_holdings" time="0.354" /><testcase classname="tests.test_portfolios_crud.TestPortfoliosCRUD" name="test_delete_last_portfolio_returns_400" time="0.242" /><testcase classname="tests.test_portfolios_crud.TestPortfoliosCRUD" name="test_delete_nonexistent_portfolio" time="0.354" /><testcase classname="tests.test_portfolios_crud.TestHoldingsWithPortfolios" name="test_get_holdings_includes_portfolio_id" time="0.121" /><testcase classname="tests.test_portfolios_crud.TestHoldingsWithPortfolios" name="test_get_holdings_filter_by_portfolio" time="0.328" /><testcase classname="tests.test_portfolios_crud.TestHoldingsWithPortfolios" name="test_create_holding_requires_valid_portfolio" time="0.141" /><testcase classname="tests.test_portfolios_crud.TestHoldingsWithPortfolios" name="test_create_holding_with_portfolio_id" time="0.361" /><testcase classname="tests.test_stocks_api.TestStocksAPI" name="test_get_quotes_single_symbol" time="0.554" /><testcase classname="tests.test_stocks_api.TestStocksAPI" name="test_get_quotes_multiple_symbols" time="0.518" /><testcase classname="tests.test_stocks_api.TestStocksAPI" name="test_get_quotes_all_portfolio_symbols" time="2.242" /><testcase classname="tests.test_stocks_api.TestStocksAPI" name="test_get_quotes_empty_symbols" time="0.526" /><testcase classname="tests.test_stocks_api.TestStocksAPI" name="test_get_history_default_period" time="0.396" /><testcase classname="tests.test_stocks_api.TestStocksAPI" name="test_get_history_1w_period" time="0.255" /><testcase classname="tests.test_stocks_api.TestStocksAPI" name="test_get_history_1y_period" time="0.191" /><testcase classname="tests.test_stocks_api.TestStocksAPI" name="test_get_history_invalid_period" time="0.139" /></testsuite></testsuites>