<?xml version="1.0" encoding="utf-8"?><testsuites name="pytest tests"><testsuite name="pytest" errors="0" failures="0" skipped="0" tests="9" time="4.390" timestamp="2026-03-10T18:28:52.328667+00:00" hostname="agent-env-08a631d2-6df6-427d-b198-6875c3b54eba"><testcase classname="tests.test_stocks_api.TestStocksAPI" name="test_get_quotes_single_symbol" time="0.714" /><testcase classname="tests.test_stocks_api.TestStocksAPI" name="test_get_quotes_multiple_symbols" time="0.451" /><testcase classname="tests.test_stocks_api.TestStocksAPI" name="test_get_quotes_all_portfolio_symbols" time="2.212" /><testcase classname="tests.test_stocks_api.TestStocksAPI" name="test_get_quotes_empty_symbols" time="0.132" /><testcase classname="tests.test_stocks_api.TestStocksAPI" name="test_get_history_default_period" time="0.197" /><testcase classname="tests.test_stocks_api.TestStocksAPI" name="test_get_history_1w_period" time="0.161" /><testcase classname="tests.test_stocks_api.TestStocksAPI" name="test_get_history_1y_period" time="0.249" /><testcase classname="tests.test_stocks_api.TestStocksAPI" name="test_get_history_invalid_period" time="0.114" /><testcase classname="tests.test_health.TestHealth" name="test_root_endpoint" time="0.122" /></testsuite></testsuites>