<?xml version="1.0" encoding="utf-8"?><testsuites name="pytest tests"><testsuite name="pytest" errors="0" failures="0" skipped="0" tests="5" time="2.158" timestamp="2026-03-10T18:29:42.334783+00:00" hostname="agent-env-08a631d2-6df6-427d-b198-6875c3b54eba"><testcase classname="tests.test_csv_import.TestCSVImport" name="test_csv_import_with_standard_columns" time="0.474" /><testcase classname="tests.test_csv_import.TestCSVImport" name="test_csv_import_with_alternative_columns" time="0.361" /><testcase classname="tests.test_csv_import.TestCSVImport" name="test_csv_import_with_whitespace_and_commas" time="0.408" /><testcase classname="tests.test_csv_import.TestCSVImport" name="test_csv_import_invalid_portfolio" time="0.144" /><testcase classname="tests.test_csv_import.TestCSVImport" name="test_csv_import_skips_invalid_rows" time="0.747" /></testsuite></testsuites>