<?xml version="1.0" encoding="utf-8"?><testsuites name="pytest tests"><testsuite name="pytest" errors="0" failures="0" skipped="0" tests="12" time="3.312" timestamp="2026-03-10T18:28:44.280212+00:00" hostname="agent-env-08a631d2-6df6-427d-b198-6875c3b54eba"><testcase classname="tests.test_portfolios_crud.TestPortfoliosCRUD" name="test_get_portfolios_returns_default" time="0.305" /><testcase classname="tests.test_portfolios_crud.TestPortfoliosCRUD" name="test_create_portfolio_and_verify" time="0.225" /><testcase classname="tests.test_portfolios_crud.TestPortfoliosCRUD" name="test_create_portfolio_whitespace_trimmed" time="0.289" /><testcase classname="tests.test_portfolios_crud.TestPortfoliosCRUD" name="test_rename_portfolio_and_verify" time="0.375" /><testcase classname="tests.test_portfolios_crud.TestPortfoliosCRUD" name="test_rename_nonexistent_portfolio" time="0.123" /><testcase classname="tests.test_portfolios_crud.TestPortfoliosCRUD" name="test_delete_portfolio_and_holdings" time="0.366" /><testcase classname="tests.test_portfolios_crud.TestPortfoliosCRUD" name="test_delete_last_portfolio_returns_400" time="0.252" /><testcase classname="tests.test_portfolios_crud.TestPortfoliosCRUD" name="test_delete_nonexistent_portfolio" time="0.337" /><testcase classname="tests.test_portfolios_crud.TestHoldingsWithPortfolios" name="test_get_holdings_includes_portfolio_id" time="0.124" /><testcase classname="tests.test_portfolios_crud.TestHoldingsWithPortfolios" name="test_get_holdings_filter_by_portfolio" time="0.259" /><testcase classname="tests.test_portfolios_crud.TestHoldingsWithPortfolios" name="test_create_holding_requires_valid_portfolio" time="0.153" /><testcase classname="tests.test_portfolios_crud.TestHoldingsWithPortfolios" name="test_create_holding_with_portfolio_id" time="0.454" /></testsuite></testsuites>